2024-03-07 23:14:04 root         INFO     Starting sales producer
2024-03-07 23:14:10 root         INFO     Produced {'seller_id': 'OMA', 'product': 'Toothbrush', 'quantity': 2, 'product_price': 3.99, 'sale_ts': 1709853244888} to topic salesitems partition 0 offset 9
2024-03-07 23:14:15 root         INFO     Produced {'seller_id': 'DEN', 'product': 'Dental Floss', 'quantity': 2, 'product_price': 1.99, 'sale_ts': 1709853250890} to topic salesitems partition 0 offset 19
2024-03-07 23:14:20 root         INFO     Produced {'seller_id': 'DEN', 'product': 'Toothbrush', 'quantity': 2, 'product_price': 3.99, 'sale_ts': 1709853255896} to topic salesitems partition 0 offset 29
2024-03-07 23:14:25 root         INFO     Produced {'seller_id': 'LNK', 'product': 'Toothbrush', 'quantity': 5, 'product_price': 3.99, 'sale_ts': 1709853260897} to topic salesitems partition 0 offset 39
2024-03-07 23:14:30 root         INFO     Produced {'seller_id': 'DEN', 'product': 'Dental Floss', 'quantity': 4, 'product_price': 1.99, 'sale_ts': 1709853265902} to topic salesitems partition 0 offset 49
2024-03-07 23:14:35 root         INFO     Produced {'seller_id': 'DEN', 'product': 'Toothbrush', 'quantity': 1, 'product_price': 3.99, 'sale_ts': 1709853270908} to topic salesitems partition 0 offset 59
2024-03-07 23:14:40 root         INFO     Produced {'seller_id': 'LNK', 'product': 'Dental Floss', 'quantity': 1, 'product_price': 1.99, 'sale_ts': 1709853275909} to topic salesitems partition 0 offset 69
2024-03-07 23:14:45 root         INFO     Produced {'seller_id': 'KC', 'product': 'Dental Floss', 'quantity': 2, 'product_price': 1.99, 'sale_ts': 1709853280915} to topic salesitems partition 0 offset 79
2024-03-07 23:14:50 root         INFO     Produced {'seller_id': 'DEN', 'product': 'Toothbrush', 'quantity': 1, 'product_price': 3.99, 'sale_ts': 1709853285919} to topic salesitems partition 0 offset 89
2024-03-07 23:24:10 root         INFO     Starting sales producer
2024-03-07 23:24:10 root         INFO     Produced {'seller_id': 'LNK', 'product': 'Dental Floss', 'quantity': 4, 'product_price': 1.99, 'sale_ts': 1709853850012} to topic salesitems partition 0 offset 99
2024-03-07 23:24:15 root         INFO     Produced {'seller_id': 'LNK', 'product': 'Toothpaste', 'quantity': 3, 'product_price': 4.99, 'sale_ts': 1709853855217} to topic salesitems partition 0 offset 109
2024-03-07 23:24:20 root         INFO     Produced {'seller_id': 'DEN', 'product': 'Dental Floss', 'quantity': 2, 'product_price': 1.99, 'sale_ts': 1709853860424} to topic salesitems partition 0 offset 119
2024-03-07 23:24:25 root         INFO     Produced {'seller_id': 'DEN', 'product': 'Dental Floss', 'quantity': 3, 'product_price': 1.99, 'sale_ts': 1709853865642} to topic salesitems partition 0 offset 129
2024-03-07 23:24:31 root         INFO     Produced {'seller_id': 'KC', 'product': 'Dental Floss', 'quantity': 4, 'product_price': 1.99, 'sale_ts': 1709853870850} to topic salesitems partition 0 offset 139
2024-03-07 23:24:36 root         INFO     Produced {'seller_id': 'DEN', 'product': 'Toothpaste', 'quantity': 5, 'product_price': 4.99, 'sale_ts': 1709853876058} to topic salesitems partition 0 offset 149
2024-03-07 23:24:41 root         INFO     Produced {'seller_id': 'DEN', 'product': 'Toothpaste', 'quantity': 1, 'product_price': 4.99, 'sale_ts': 1709853881265} to topic salesitems partition 0 offset 159
2024-03-07 23:24:46 root         INFO     Produced {'seller_id': 'KC', 'product': 'Dental Floss', 'quantity': 2, 'product_price': 1.99, 'sale_ts': 1709853886472} to topic salesitems partition 0 offset 169
2024-03-07 23:24:51 root         INFO     Produced {'seller_id': 'OMA', 'product': 'Dental Floss', 'quantity': 4, 'product_price': 1.99, 'sale_ts': 1709853891680} to topic salesitems partition 0 offset 179
2024-03-07 23:24:57 root         INFO     Produced {'seller_id': 'LNK', 'product': 'Toothbrush', 'quantity': 2, 'product_price': 3.99, 'sale_ts': 1709853896883} to topic salesitems partition 0 offset 189
2024-03-07 23:25:02 root         INFO     Produced {'seller_id': 'DEN', 'product': 'Toothbrush', 'quantity': 5, 'product_price': 3.99, 'sale_ts': 1709853902087} to topic salesitems partition 0 offset 199
2024-03-07 23:25:07 root         INFO     Produced {'seller_id': 'OMA', 'product': 'Toothbrush', 'quantity': 5, 'product_price': 3.99, 'sale_ts': 1709853907294} to topic salesitems partition 0 offset 209
2024-03-07 23:25:12 root         INFO     Produced {'seller_id': 'KC', 'product': 'Dental Floss', 'quantity': 3, 'product_price': 1.99, 'sale_ts': 1709853912500} to topic salesitems partition 0 offset 219
2024-03-07 23:25:17 root         INFO     Produced {'seller_id': 'KC', 'product': 'Dental Floss', 'quantity': 3, 'product_price': 1.99, 'sale_ts': 1709853917707} to topic salesitems partition 0 offset 229
2024-03-07 23:25:23 root         INFO     Produced {'seller_id': 'LNK', 'product': 'Toothpaste', 'quantity': 3, 'product_price': 4.99, 'sale_ts': 1709853922913} to topic salesitems partition 0 offset 239
2024-03-07 23:25:28 root         INFO     Produced {'seller_id': 'DEN', 'product': 'Dental Floss', 'quantity': 5, 'product_price': 1.99, 'sale_ts': 1709853928118} to topic salesitems partition 0 offset 249
2024-03-07 23:25:33 root         INFO     Produced {'seller_id': 'KC', 'product': 'Toothpaste', 'quantity': 3, 'product_price': 4.99, 'sale_ts': 1709853933325} to topic salesitems partition 0 offset 259
2024-03-07 23:25:38 root         INFO     Produced {'seller_id': 'OMA', 'product': 'Toothbrush', 'quantity': 1, 'product_price': 3.99, 'sale_ts': 1709853938531} to topic salesitems partition 0 offset 269
2024-03-07 23:25:43 root         INFO     Produced {'seller_id': 'OMA', 'product': 'Dental Floss', 'quantity': 2, 'product_price': 1.99, 'sale_ts': 1709853943737} to topic salesitems partition 0 offset 279
2024-03-07 23:25:49 root         INFO     Produced {'seller_id': 'KC', 'product': 'Toothpaste', 'quantity': 5, 'product_price': 4.99, 'sale_ts': 1709853948943} to topic salesitems partition 0 offset 289
2024-03-07 23:25:54 root         INFO     Produced {'seller_id': 'DEN', 'product': 'Toothbrush', 'quantity': 4, 'product_price': 3.99, 'sale_ts': 1709853954150} to topic salesitems partition 0 offset 299
2024-03-07 23:25:59 root         INFO     Produced {'seller_id': 'OMA', 'product': 'Toothpaste', 'quantity': 1, 'product_price': 4.99, 'sale_ts': 1709853959356} to topic salesitems partition 0 offset 309
2024-03-07 23:26:04 root         INFO     Produced {'seller_id': 'KC', 'product': 'Dental Floss', 'quantity': 3, 'product_price': 1.99, 'sale_ts': 1709853964560} to topic salesitems partition 0 offset 319
2024-03-07 23:26:09 root         INFO     Produced {'seller_id': 'LNK', 'product': 'Dental Floss', 'quantity': 2, 'product_price': 1.99, 'sale_ts': 1709853969766} to topic salesitems partition 0 offset 329
2024-03-07 23:26:15 root         INFO     Produced {'seller_id': 'LNK', 'product': 'Dental Floss', 'quantity': 2, 'product_price': 1.99, 'sale_ts': 1709853974971} to topic salesitems partition 0 offset 339
2024-03-07 23:26:20 root         INFO     Produced {'seller_id': 'KC', 'product': 'Toothpaste', 'quantity': 1, 'product_price': 4.99, 'sale_ts': 1709853980177} to topic salesitems partition 0 offset 349
2024-03-07 23:26:25 root         INFO     Produced {'seller_id': 'OMA', 'product': 'Toothbrush', 'quantity': 2, 'product_price': 3.99, 'sale_ts': 1709853985383} to topic salesitems partition 0 offset 359
2024-03-07 23:26:30 root         INFO     Produced {'seller_id': 'OMA', 'product': 'Toothbrush', 'quantity': 3, 'product_price': 3.99, 'sale_ts': 1709853990588} to topic salesitems partition 0 offset 369
2024-03-07 23:26:35 root         INFO     Produced {'seller_id': 'LNK', 'product': 'Toothpaste', 'quantity': 1, 'product_price': 4.99, 'sale_ts': 1709853995795} to topic salesitems partition 0 offset 379
2024-03-07 23:26:41 root         INFO     Produced {'seller_id': 'KC', 'product': 'Dental Floss', 'quantity': 2, 'product_price': 1.99, 'sale_ts': 1709854001000} to topic salesitems partition 0 offset 389
2024-03-07 23:26:46 root         INFO     Produced {'seller_id': 'LNK', 'product': 'Dental Floss', 'quantity': 1, 'product_price': 1.99, 'sale_ts': 1709854006207} to topic salesitems partition 0 offset 399
2024-03-07 23:26:51 root         INFO     Produced {'seller_id': 'OMA', 'product': 'Toothbrush', 'quantity': 4, 'product_price': 3.99, 'sale_ts': 1709854011414} to topic salesitems partition 0 offset 409
2024-03-07 23:26:56 root         INFO     Produced {'seller_id': 'LNK', 'product': 'Toothbrush', 'quantity': 3, 'product_price': 3.99, 'sale_ts': 1709854016621} to topic salesitems partition 0 offset 419
2024-03-07 23:27:02 root         INFO     Produced {'seller_id': 'DEN', 'product': 'Toothpaste', 'quantity': 3, 'product_price': 4.99, 'sale_ts': 1709854021827} to topic salesitems partition 0 offset 429
2024-03-07 23:27:07 root         INFO     Produced {'seller_id': 'LNK', 'product': 'Toothbrush', 'quantity': 2, 'product_price': 3.99, 'sale_ts': 1709854027034} to topic salesitems partition 0 offset 439
2024-03-07 23:27:12 root         INFO     Produced {'seller_id': 'LNK', 'product': 'Toothpaste', 'quantity': 3, 'product_price': 4.99, 'sale_ts': 1709854032238} to topic salesitems partition 0 offset 449
2024-03-07 23:27:17 root         INFO     Produced {'seller_id': 'LNK', 'product': 'Toothpaste', 'quantity': 5, 'product_price': 4.99, 'sale_ts': 1709854037446} to topic salesitems partition 0 offset 459
2024-03-07 23:27:22 root         INFO     Produced {'seller_id': 'OMA', 'product': 'Dental Floss', 'quantity': 4, 'product_price': 1.99, 'sale_ts': 1709854042651} to topic salesitems partition 0 offset 469
2024-03-07 23:27:28 root         INFO     Produced {'seller_id': 'OMA', 'product': 'Toothbrush', 'quantity': 2, 'product_price': 3.99, 'sale_ts': 1709854047857} to topic salesitems partition 0 offset 479
2024-03-07 23:27:33 root         INFO     Produced {'seller_id': 'OMA', 'product': 'Dental Floss', 'quantity': 1, 'product_price': 1.99, 'sale_ts': 1709854053063} to topic salesitems partition 0 offset 489
2024-03-07 23:27:38 root         INFO     Produced {'seller_id': 'LNK', 'product': 'Dental Floss', 'quantity': 3, 'product_price': 1.99, 'sale_ts': 1709854058269} to topic salesitems partition 0 offset 499
2024-03-07 23:27:43 root         INFO     Produced {'seller_id': 'DEN', 'product': 'Dental Floss', 'quantity': 2, 'product_price': 1.99, 'sale_ts': 1709854063475} to topic salesitems partition 0 offset 509
2024-03-07 23:27:48 root         INFO     Produced {'seller_id': 'DEN', 'product': 'Toothbrush', 'quantity': 3, 'product_price': 3.99, 'sale_ts': 1709854068681} to topic salesitems partition 0 offset 519
2024-03-07 23:27:54 root         INFO     Produced {'seller_id': 'KC', 'product': 'Toothbrush', 'quantity': 2, 'product_price': 3.99, 'sale_ts': 1709854073888} to topic salesitems partition 0 offset 529
2024-03-07 23:27:59 root         INFO     Produced {'seller_id': 'LNK', 'product': 'Dental Floss', 'quantity': 1, 'product_price': 1.99, 'sale_ts': 1709854079095} to topic salesitems partition 0 offset 539
2024-03-07 23:28:04 root         INFO     Produced {'seller_id': 'LNK', 'product': 'Toothpaste', 'quantity': 3, 'product_price': 4.99, 'sale_ts': 1709854084301} to topic salesitems partition 0 offset 549
2024-03-07 23:28:09 root         INFO     Produced {'seller_id': 'KC', 'product': 'Toothbrush', 'quantity': 4, 'product_price': 3.99, 'sale_ts': 1709854089508} to topic salesitems partition 0 offset 559
2024-03-07 23:28:14 root         INFO     Produced {'seller_id': 'LNK', 'product': 'Toothpaste', 'quantity': 5, 'product_price': 4.99, 'sale_ts': 1709854094716} to topic salesitems partition 0 offset 569
2024-03-07 23:28:20 root         INFO     Produced {'seller_id': 'LNK', 'product': 'Dental Floss', 'quantity': 2, 'product_price': 1.99, 'sale_ts': 1709854099919} to topic salesitems partition 0 offset 579
2024-03-07 23:28:25 root         INFO     Produced {'seller_id': 'LNK', 'product': 'Dental Floss', 'quantity': 5, 'product_price': 1.99, 'sale_ts': 1709854105125} to topic salesitems partition 0 offset 589
2024-03-07 23:28:30 root         INFO     Produced {'seller_id': 'DEN', 'product': 'Toothpaste', 'quantity': 4, 'product_price': 4.99, 'sale_ts': 1709854110327} to topic salesitems partition 0 offset 599
2024-03-07 23:28:35 root         INFO     Produced {'seller_id': 'DEN', 'product': 'Toothpaste', 'quantity': 3, 'product_price': 4.99, 'sale_ts': 1709854115534} to topic salesitems partition 0 offset 609
2024-03-07 23:28:40 root         INFO     Produced {'seller_id': 'DEN', 'product': 'Dental Floss', 'quantity': 5, 'product_price': 1.99, 'sale_ts': 1709854120740} to topic salesitems partition 0 offset 619
2024-03-07 23:28:46 root         INFO     Produced {'seller_id': 'OMA', 'product': 'Dental Floss', 'quantity': 3, 'product_price': 1.99, 'sale_ts': 1709854125947} to topic salesitems partition 0 offset 629
2024-03-07 23:28:51 root         INFO     Produced {'seller_id': 'LNK', 'product': 'Toothbrush', 'quantity': 4, 'product_price': 3.99, 'sale_ts': 1709854131154} to topic salesitems partition 0 offset 639
2024-03-07 23:28:56 root         INFO     Produced {'seller_id': 'DEN', 'product': 'Toothbrush', 'quantity': 2, 'product_price': 3.99, 'sale_ts': 1709854136360} to topic salesitems partition 0 offset 649
2024-03-07 23:29:01 root         INFO     Produced {'seller_id': 'OMA', 'product': 'Dental Floss', 'quantity': 1, 'product_price': 1.99, 'sale_ts': 1709854141567} to topic salesitems partition 0 offset 659
2024-03-07 23:29:06 root         INFO     Produced {'seller_id': 'KC', 'product': 'Toothbrush', 'quantity': 4, 'product_price': 3.99, 'sale_ts': 1709854146773} to topic salesitems partition 0 offset 669
2024-03-07 23:29:12 root         INFO     Produced {'seller_id': 'LNK', 'product': 'Dental Floss', 'quantity': 5, 'product_price': 1.99, 'sale_ts': 1709854151980} to topic salesitems partition 0 offset 679
2024-03-07 23:29:17 root         INFO     Produced {'seller_id': 'KC', 'product': 'Toothbrush', 'quantity': 2, 'product_price': 3.99, 'sale_ts': 1709854157186} to topic salesitems partition 0 offset 689
2024-03-07 23:29:22 root         INFO     Produced {'seller_id': 'LNK', 'product': 'Toothbrush', 'quantity': 5, 'product_price': 3.99, 'sale_ts': 1709854162391} to topic salesitems partition 0 offset 699
2024-03-07 23:29:27 root         INFO     Produced {'seller_id': 'DEN', 'product': 'Toothpaste', 'quantity': 5, 'product_price': 4.99, 'sale_ts': 1709854167597} to topic salesitems partition 0 offset 709
2024-03-07 23:29:33 root         INFO     Produced {'seller_id': 'LNK', 'product': 'Toothbrush', 'quantity': 4, 'product_price': 3.99, 'sale_ts': 1709854172804} to topic salesitems partition 0 offset 719
2024-03-07 23:29:38 root         INFO     Produced {'seller_id': 'DEN', 'product': 'Toothpaste', 'quantity': 5, 'product_price': 4.99, 'sale_ts': 1709854178008} to topic salesitems partition 0 offset 729
2024-03-07 23:29:43 root         INFO     Produced {'seller_id': 'OMA', 'product': 'Dental Floss', 'quantity': 4, 'product_price': 1.99, 'sale_ts': 1709854183215} to topic salesitems partition 0 offset 739
2024-03-07 23:29:48 root         INFO     Produced {'seller_id': 'DEN', 'product': 'Dental Floss', 'quantity': 1, 'product_price': 1.99, 'sale_ts': 1709854188417} to topic salesitems partition 0 offset 749
2024-03-07 23:29:53 root         INFO     Produced {'seller_id': 'OMA', 'product': 'Dental Floss', 'quantity': 3, 'product_price': 1.99, 'sale_ts': 1709854193623} to topic salesitems partition 0 offset 759
2024-03-07 23:29:59 root         INFO     Produced {'seller_id': 'KC', 'product': 'Toothpaste', 'quantity': 1, 'product_price': 4.99, 'sale_ts': 1709854198827} to topic salesitems partition 0 offset 769
2024-03-07 23:30:04 root         INFO     Produced {'seller_id': 'KC', 'product': 'Dental Floss', 'quantity': 1, 'product_price': 1.99, 'sale_ts': 1709854204034} to topic salesitems partition 0 offset 779
2024-03-07 23:30:09 root         INFO     Produced {'seller_id': 'LNK', 'product': 'Toothbrush', 'quantity': 2, 'product_price': 3.99, 'sale_ts': 1709854209238} to topic salesitems partition 0 offset 789
2024-03-07 23:30:14 root         INFO     Produced {'seller_id': 'OMA', 'product': 'Toothbrush', 'quantity': 4, 'product_price': 3.99, 'sale_ts': 1709854214445} to topic salesitems partition 0 offset 799
2024-03-07 23:30:19 root         INFO     Produced {'seller_id': 'KC', 'product': 'Dental Floss', 'quantity': 4, 'product_price': 1.99, 'sale_ts': 1709854219649} to topic salesitems partition 0 offset 809
2024-03-07 23:30:25 root         INFO     Produced {'seller_id': 'KC', 'product': 'Toothbrush', 'quantity': 3, 'product_price': 3.99, 'sale_ts': 1709854224855} to topic salesitems partition 0 offset 819
2024-03-07 23:30:30 root         INFO     Produced {'seller_id': 'KC', 'product': 'Dental Floss', 'quantity': 5, 'product_price': 1.99, 'sale_ts': 1709854230063} to topic salesitems partition 0 offset 829
2024-03-07 23:30:35 root         INFO     Produced {'seller_id': 'DEN', 'product': 'Toothpaste', 'quantity': 3, 'product_price': 4.99, 'sale_ts': 1709854235268} to topic salesitems partition 0 offset 839
2024-03-07 23:30:40 root         INFO     Produced {'seller_id': 'KC', 'product': 'Dental Floss', 'quantity': 4, 'product_price': 1.99, 'sale_ts': 1709854240473} to topic salesitems partition 0 offset 849
2024-03-07 23:30:45 root         INFO     Produced {'seller_id': 'DEN', 'product': 'Dental Floss', 'quantity': 5, 'product_price': 1.99, 'sale_ts': 1709854245681} to topic salesitems partition 0 offset 859
2024-03-07 23:30:51 root         INFO     Produced {'seller_id': 'DEN', 'product': 'Dental Floss', 'quantity': 3, 'product_price': 1.99, 'sale_ts': 1709854250887} to topic salesitems partition 0 offset 869
2024-03-07 23:30:56 root         INFO     Produced {'seller_id': 'DEN', 'product': 'Toothbrush', 'quantity': 3, 'product_price': 3.99, 'sale_ts': 1709854256094} to topic salesitems partition 0 offset 879
2024-03-07 23:31:01 root         INFO     Produced {'seller_id': 'LNK', 'product': 'Toothbrush', 'quantity': 2, 'product_price': 3.99, 'sale_ts': 1709854261297} to topic salesitems partition 0 offset 889
2024-03-07 23:31:06 root         INFO     Produced {'seller_id': 'DEN', 'product': 'Dental Floss', 'quantity': 3, 'product_price': 1.99, 'sale_ts': 1709854266503} to topic salesitems partition 0 offset 899
2024-03-07 23:31:11 root         INFO     Produced {'seller_id': 'DEN', 'product': 'Toothbrush', 'quantity': 3, 'product_price': 3.99, 'sale_ts': 1709854271710} to topic salesitems partition 0 offset 909
2024-03-07 23:31:17 root         INFO     Produced {'seller_id': 'DEN', 'product': 'Toothpaste', 'quantity': 5, 'product_price': 4.99, 'sale_ts': 1709854276913} to topic salesitems partition 0 offset 919
2024-03-07 23:31:22 root         INFO     Produced {'seller_id': 'OMA', 'product': 'Toothbrush', 'quantity': 2, 'product_price': 3.99, 'sale_ts': 1709854282118} to topic salesitems partition 0 offset 929
2024-03-07 23:31:27 root         INFO     Produced {'seller_id': 'DEN', 'product': 'Toothpaste', 'quantity': 3, 'product_price': 4.99, 'sale_ts': 1709854287325} to topic salesitems partition 0 offset 939
2024-03-07 23:31:32 root         INFO     Produced {'seller_id': 'OMA', 'product': 'Dental Floss', 'quantity': 1, 'product_price': 1.99, 'sale_ts': 1709854292532} to topic salesitems partition 0 offset 949
2024-03-07 23:31:37 root         INFO     Produced {'seller_id': 'LNK', 'product': 'Toothpaste', 'quantity': 2, 'product_price': 4.99, 'sale_ts': 1709854297738} to topic salesitems partition 0 offset 959
2024-03-07 23:31:43 root         INFO     Produced {'seller_id': 'LNK', 'product': 'Toothpaste', 'quantity': 2, 'product_price': 4.99, 'sale_ts': 1709854302943} to topic salesitems partition 0 offset 969
2024-03-07 23:31:48 root         INFO     Produced {'seller_id': 'KC', 'product': 'Toothbrush', 'quantity': 4, 'product_price': 3.99, 'sale_ts': 1709854308148} to topic salesitems partition 0 offset 979
2024-03-07 23:31:53 root         INFO     Produced {'seller_id': 'OMA', 'product': 'Dental Floss', 'quantity': 3, 'product_price': 1.99, 'sale_ts': 1709854313353} to topic salesitems partition 0 offset 989
2024-03-07 23:31:58 root         INFO     Produced {'seller_id': 'DEN', 'product': 'Toothbrush', 'quantity': 1, 'product_price': 3.99, 'sale_ts': 1709854318559} to topic salesitems partition 0 offset 999
2024-03-07 23:32:03 root         INFO     Produced {'seller_id': 'KC', 'product': 'Toothbrush', 'quantity': 5, 'product_price': 3.99, 'sale_ts': 1709854323766} to topic salesitems partition 0 offset 1009
2024-03-07 23:32:09 root         INFO     Produced {'seller_id': 'LNK', 'product': 'Toothpaste', 'quantity': 1, 'product_price': 4.99, 'sale_ts': 1709854328973} to topic salesitems partition 0 offset 1019
2024-03-07 23:32:14 root         INFO     Produced {'seller_id': 'KC', 'product': 'Dental Floss', 'quantity': 5, 'product_price': 1.99, 'sale_ts': 1709854334180} to topic salesitems partition 0 offset 1029
2024-03-07 23:32:19 root         INFO     Produced {'seller_id': 'DEN', 'product': 'Toothpaste', 'quantity': 4, 'product_price': 4.99, 'sale_ts': 1709854339386} to topic salesitems partition 0 offset 1039
2024-03-07 23:32:24 root         INFO     Produced {'seller_id': 'OMA', 'product': 'Toothbrush', 'quantity': 4, 'product_price': 3.99, 'sale_ts': 1709854344593} to topic salesitems partition 0 offset 1049
2024-03-07 23:32:29 root         INFO     Produced {'seller_id': 'DEN', 'product': 'Dental Floss', 'quantity': 5, 'product_price': 1.99, 'sale_ts': 1709854349797} to topic salesitems partition 0 offset 1059
2024-03-07 23:32:35 root         INFO     Produced {'seller_id': 'KC', 'product': 'Dental Floss', 'quantity': 5, 'product_price': 1.99, 'sale_ts': 1709854355003} to topic salesitems partition 0 offset 1069
